
ClarobiApiModuleFrontController::initContent : This call to PrestaShop Web Services returned an unexpected HTTP status of:301( 2020-01-27 17:03:32 )
ClarobiApiAuthModuleFrontController::isAuthorized : Claro feed request with invalid security token: A2TYKBS77HJBK2DJXSG9ENKU9KAQGKWGcompared to stored token: SGDJSDHA77B23123NMC( 2020-01-27 17:06:14 )
ClarobiApiAuthModuleFrontController::isAuthorized : Claro feed request with invalid security token: A2TYKBS77HJBK2DJXSG9ENKU9KAQGKWGcompared to stored token: SGDJSDHA77B23123NMC( 2020-01-27 17:27:56 )
ClarobiApiAuthModuleFrontController::isAuthorized : Claro feed request with invalid security token: A2TYKBS77HJBK2DJXSG9ENKU9KAQGKWGcompared to stored token: SGDJSDHA77B23123NMC( 2020-01-27 17:28:27 )
ClarobiApiAuthModuleFrontController::isAuthorized : Claro feed request with invalid security token: A2TYKBS77HJBK2DJXSG9ENKU9KAQGKWGcompared to stored token: SGDJSDHA77B23123NMC( 2020-01-27 17:28:58 )
ClarobiApiModuleFrontController::initContent : This call to PrestaShop Web Services returned an unexpected HTTP status of:301( 2020-01-27 17:35:22 )
ClarobiApiAuthModuleFrontController::isAuthorized : Missing token from request( 2020-02-04 16:38:59 )
ClarobiApiAuthModuleFrontController::isAuthorized : Claro feed request with invalid security token: 5GCCBTMRLPNSPMKJE8VUL5ALEF5DPSLLcompared to stored token: SGDJSDHA77B23123NMC( 2020-02-04 16:41:51 )
ClarobiApiModuleFrontController::initContent : Bad HTTP response( 2020-02-04 16:42:54 )
ClarobiApiModuleFrontController::initContent : Bad HTTP response( 2020-02-04 16:43:02 )
ClarobiApiAuthModuleFrontController::isAuthorized : Missing token from request( 2020-02-04 16:49:10 )
ClarobiApiAuthModuleFrontController::isAuthorized : Missing token from request( 2020-02-04 16:51:33 )
ClarobiApiAuthModuleFrontController::isAuthorized : Claro feed request with invalid security token: 5GCCBTMRLPNSPMKJE8VUL5ALE compared to stored token: 5GCCBTMRLPNSPMKJE8VUL5ALEF5DPSLL( 2020-02-04 16:57:23 )
ClarobiApiAuthModuleFrontController::isAuthorized : Claro feed request with invalid security token: 5GCCBTMRLPNSPMKJE8VUL5ALE compared to stored token: 5GCCBTMRLPNSPMKJE8VUL5ALEF5DPSLL( 2020-02-04 16:57:42 )
ClarobiApiAuthModuleFrontController::isAuthorized : Claro feed request with invalid security token: 5GCCBTMRLPNSPMKJE8VUL5ALE compared to stored token: 5GCCBTMRLPNSPMKJE8VUL5ALEF5DPSLL( 2020-02-04 16:58:34 )
ClarobiApiAuthModuleFrontController::isAuthorized : Claro feed request with invalid security token: 5GCCBTMRLPNSPMKJE8VUL5ALEF5DPSLL compared to stored token: 5GCCBTMRLPNSPMKJE8VUL5ALEF5DPSLL1( 2020-02-04 16:59:06 )
ClarobiApiAuthModuleFrontController::isAuthorized : Claro feed request with invalid security token: SGDJSDHA77B23123NMC compared to stored token: 5GCCBTMRLPNSPMKJE8VUL5ALEF5DPSLL( 2020-02-04 17:29:57 )
ClarobiApiAuthModuleFrontController::isAuthorized : Claro feed request with invalid security token: SGDJSDHA77B23123NMC compared to stored token: 5GCCBTMRLPNSPMKJE8VUL5ALEF5DPSLL( 2020-02-04 17:32:18 )
ClarobiApiModuleFrontController::initContent : Bad HTTP response( 2020-02-04 17:32:49 )
ClarobiApiModuleFrontController::initContent : Bad HTTP response( 2020-02-04 17:33:05 )
ClarobiApiModuleFrontController::initContent : Bad HTTP response( 2020-02-04 17:33:09 )
ClarobiApiModuleFrontController::initContent : Bad HTTP response( 2020-02-04 17:33:24 )
